This file contains any messages produced by compilers while
running configure, to aid debugging if configure makes a mistake.

It was created by configure, which was
generated by GNU Autoconf 2.69.  Invocation command line was

  $ ./configure --target=i686-elf --prefix=/home/dh00mk3tu/opt/cross --with-sysroot --disable-nls --disable-werror

## --------- ##
## Platform. ##
## --------- ##

hostname = dh00mk3tu
uname -m = x86_64
uname -r = 5.8.0-50-generic
uname -s = Linux
uname -v = #56-Ubuntu SMP Mon Apr 12 17:18:36 UTC 2021

/usr/bin/uname -p = x86_64
/bin/uname -X     = unknown

/bin/arch              = x86_64
/usr/bin/arch -k       = unknown
/usr/convex/getsysinfo = unknown
/usr/bin/hostinfo      = unknown
/bin/machine           = unknown
/usr/bin/oslevel       = unknown
/bin/universe          = unknown

PATH: /home/dh00mk3tu/opt/cross/bin
PATH: /usr/local/sbin
PATH: /usr/local/bin
PATH: /usr/sbin
PATH: /usr/bin
PATH: /sbin
PATH: /bin
PATH: /usr/games
PATH: /usr/local/games
PATH: /snap/bin
PATH: /snap/android-studio/101/android-studio/jre/bin
PATH: /home/dh00mk3tu/.FlutterSDK/flutter/bin


## ----------- ##
## Core tests. ##
## ----------- ##

configure:2340: checking build system type
