This file contains any messages produced by compilers while
running configure, to aid debugging if configure makes a mistake.

It was created by configure, which was
generated by GNU Autoconf 2.69.  Invocation command line was

  $ /home/dh00mk3tu/Documents/repo-house/very-cool-os/resources/source-code/binutils-2.36/intl/configure --srcdir=../../binutils-2.36/intl --cache-file=./config.cache --with-gnu-as --with-gnu-ld --prefix=/home/dh00mk3tu/opt/cross --with-sysroot --disable-nls --disable-werror --program-transform-name=s&^&i686-elf-& --disable-option-checking --build=x86_64-pc-linux-gnu --host=x86_64-pc-linux-gnu --target=i686-elf

## --------- ##
## Platform. ##
## --------- ##

hostname = dh00mk3tu
uname -m = x86_64
uname -r = 5.8.0-50-generic
uname -s = Linux
uname -v = #56-Ubuntu SMP Mon Apr 12 17:18:36 UTC 2021

/usr/bin/uname -p = x86_64
/bin/uname -X     = unknown

/bin/arch              = x86_64
/usr/bin/arch -k       = unknown
/usr/convex/getsysinfo = unknown
/usr/bin/hostinfo      = unknown
/bin/machine           = unknown
/usr/bin/oslevel       = unknown
/bin/universe          = unknown

PATH: /home/dh00mk3tu/opt/cross/bin
PATH: /usr/local/sbin
PATH: /usr/local/bin
PATH: /usr/sbin
PATH: /usr/bin
PATH: /sbin
PATH: /bin
PATH: /usr/games
PATH: /usr/local/games
PATH: /snap/bin
PATH: /snap/android-studio/101/android-studio/jre/bin
PATH: /home/dh00mk3tu/.FlutterSDK/flutter/bin


## ----------- ##
## Core tests. ##
## ----------- ##

configure:2130: creating cache ./config.cache
configure:2217: checking for x86_64-pc-linux-gnu-gcc
configure:2244: result: gcc
configure:2513: checking for C compiler version
configure:2522: gcc --version >&5
gcc (Ubuntu 10.2.0-13ubuntu1) 10.2.0
Copyright (C) 2020 Free Software Foundation, Inc.
This is free software; see the source for copying conditions.  There is NO
warranty; not even for MERCHANTABILITY or FITNESS FOR A PARTICULAR PURPOSE.

configure:2533: $? = 0
configure:2522: gcc -v >&5
Using built-in specs.
COLLECT_GCC=gcc
COLLECT_LTO_WRAPPER=/usr/lib/gcc/x86_64-linux-gnu/10/lto-wrapper
OFFLOAD_TARGET_NAMES=nvptx-none:amdgcn-amdhsa:hsa
OFFLOAD_TARGET_DEFAULT=1
Target: x86_64-linux-gnu
Configured with: ../src/configure -v --with-pkgversion='Ubuntu 10.2.0-13ubuntu1' --with-bugurl=file:///usr/share/doc/gcc-10/README.Bugs --enable-languages=c,ada,c++,go,brig,d,fortran,objc,obj-c++,m2 --prefix=/usr --with-gcc-major-version-only --program-suffix=-10 --program-prefix=x86_64-linux-gnu- --enable-shared --enable-linker-build-id --libexecdir=/usr/lib --without-included-gettext --enable-threads=posix --libdir=/usr/lib --enable-nls --enable-clocale=gnu --enable-libstdcxx-debug --enable-libstdcxx-time=yes --with-default-libstdcxx-abi=new --enable-gnu-unique-object --disable-vtable-verify --enable-plugin --enable-default-pie --with-system-zlib --enable-libphobos-checking=release --with-target-system-zlib=auto --enable-objc-gc=auto --enable-multiarch --disable-werror --with-arch-32=i686 --with-abi=m64 --with-multilib-list=m32,m64,mx32 --enable-multilib --with-tune=generic --enable-offload-targets=nvptx-none=/build/gcc-10-JvwpWM/gcc-10-10.2.0/debian/tmp-nvptx/usr,amdgcn-amdhsa=/build/gcc-10-JvwpWM/gcc-10-10.2.0/debian/tmp-gcn/usr,hsa --without-cuda-driver --enable-checking=release --build=x86_64-linux-gnu --host=x86_64-linux-gnu --target=x86_64-linux-gnu
Thread model: posix
Supported LTO compression algorithms: zlib zstd
gcc version 10.2.0 (Ubuntu 10.2.0-13ubuntu1) 
... rest of stderr output deleted ...
configure:2533: $? = 0
configure:2522: gcc -V >&5
gcc: error: unrecognized command-line option '-V'
gcc: fatal error: no input files
compilation terminated.
configure:2533: $? = 1
configure:2522: gcc -qversion >&5
gcc: error: unrecognized command-line option '-qversion'; did you mean '--version'?
gcc: fatal error: no input files
compilation terminated.
configure:2533: $? = 1
configure:2553: checking whether the C compiler works
configure:2575: gcc -g -O2    conftest.c  >&5
configure:2579: $? = 0
configure:2627: result: yes
configure:2630: checking for C compiler default output file name
configure:2632: result: a.out
configure:2638: checking for suffix of executables
configure:2645: gcc -o conftest -g -O2    conftest.c  >&5
configure:2649: $? = 0
configure:2671: result: 
configure:2693: checking whether we are cross compiling
configure:2701: gcc -o conftest -g -O2    conftest.c  >&5
configure:2705: $? = 0
configure:2712: ./conftest
configure:2716: $? = 0
configure:2704: result: no
configure:2709: checking for suffix of object files
configure:2731: gcc -c -g -O2  conftest.c >&5
configure:2735: $? = 0
configure:2756: result: o
configure:2760: checking whether we are using the GNU C compiler
configure:2779: gcc -c -g -O2  conftest.c >&5
configure:2779: $? = 0
configure:2788: result: yes
configure:2797: checking whether gcc accepts -g
configure:2817: gcc -c -g  conftest.c >&5
configure:2817: $? = 0
configure:2858: result: yes
configure:2875: checking for gcc option to accept ISO C89
configure:2938: gcc  -c -g -O2  conftest.c >&5
configure:2938: $? = 0
configure:2951: result: none needed
configure:2977: checking how to run the C preprocessor
configure:3008: gcc -E  conftest.c
configure:3008: $? = 0
configure:3022: gcc -E  conftest.c
conftest.c:9:10: fatal error: ac_nonexistent.h: No such file or directory
    9 | #include <ac_nonexistent.h>
      |          ^~~~~~~~~~~~~~~~~~
compilation terminated.
configure:3022: $? = 1
configure: failed program was:
| /* confdefs.h */
| #define PACKAGE_NAME ""
| #define PACKAGE_TARNAME ""
| #define PACKAGE_VERSION ""
| #define PACKAGE_STRING ""
| #define PACKAGE_BUGREPORT ""
| #define PACKAGE_URL ""
| /* end confdefs.h.  */
| #include <ac_nonexistent.h>
configure:3047: result: gcc -E
configure:3067: gcc -E  conftest.c
configure:3067: $? = 0
configure:3081: gcc -E  conftest.c
conftest.c:9:10: fatal error: ac_nonexistent.h: No such file or directory
    9 | #include <ac_nonexistent.h>
      |          ^~~~~~~~~~~~~~~~~~
compilation terminated.
configure:3081: $? = 1
configure: failed program was:
| /* confdefs.h */
| #define PACKAGE_NAME ""
| #define PACKAGE_TARNAME ""
| #define PACKAGE_VERSION ""
| #define PACKAGE_STRING ""
| #define PACKAGE_BUGREPORT ""
| #define PACKAGE_URL ""
| /* end confdefs.h.  */
| #include <ac_nonexistent.h>
configure:3110: checking for grep that handles long lines and -e
configure:3168: result: /usr/bin/grep
configure:3173: checking for egrep
configure:3235: result: /usr/bin/grep -E
configure:3240: checking for ANSI C header files
configure:3260: gcc -c -g -O2  conftest.c >&5
configure:3260: $? = 0
configure:3333: gcc -o conftest -g -O2    conftest.c  >&5
configure:3333: $? = 0
configure:3333: ./conftest
configure:3333: $? = 0
configure:3344: result: yes
configure:3357: checking for sys/types.h
configure:3357: gcc -c -g -O2  conftest.c >&5
configure:3357: $? = 0
configure:3357: result: yes
configure:3357: checking for sys/stat.h
configure:3357: gcc -c -g -O2  conftest.c >&5
configure:3357: $? = 0
configure:3357: result: yes
configure:3357: checking for stdlib.h
configure:3357: gcc -c -g -O2  conftest.c >&5
configure:3357: $? = 0
configure:3357: result: yes
configure:3357: checking for string.h
configure:3357: gcc -c -g -O2  conftest.c >&5
configure:3357: $? = 0
configure:3357: result: yes
configure:3357: checking for memory.h
configure:3357: gcc -c -g -O2  conftest.c >&5
configure:3357: $? = 0
configure:3357: result: yes
configure:3357: checking for strings.h
configure:3357: gcc -c -g -O2  conftest.c >&5
configure:3357: $? = 0
configure:3357: result: yes
configure:3357: checking for inttypes.h
configure:3357: gcc -c -g -O2  conftest.c >&5
configure:3357: $? = 0
configure:3357: result: yes
configure:3357: checking for stdint.h
configure:3357: gcc -c -g -O2  conftest.c >&5
configure:3357: $? = 0
configure:3357: result: yes
configure:3357: checking for unistd.h
configure:3357: gcc -c -g -O2  conftest.c >&5
configure:3357: $? = 0
configure:3357: result: yes
configure:3370: checking minix/config.h usability
configure:3370: gcc -c -g -O2  conftest.c >&5
conftest.c:52:10: fatal error: minix/config.h: No such file or directory
   52 | #include <minix/config.h>
      |          ^~~~~~~~~~~~~~~~
compilation terminated.
configure:3370: $? = 1
configure: failed program was:
| /* confdefs.h */
| #define PACKAGE_NAME ""
| #define PACKAGE_TARNAME ""
| #define PACKAGE_VERSION ""
| #define PACKAGE_STRING ""
| #define PACKAGE_BUGREPORT ""
| #define PACKAGE_URL ""
| #define STDC_HEADERS 1
| #define HAVE_SYS_TYPES_H 1
| #define HAVE_SYS_STAT_H 1
| #define HAVE_STDLIB_H 1
| #define HAVE_STRING_H 1
| #define HAVE_MEMORY_H 1
| #define HAVE_STRINGS_H 1
| #define HAVE_INTTYPES_H 1
| #define HAVE_STDINT_H 1
| #define HAVE_UNISTD_H 1
| /* end confdefs.h.  */
| #include <stdio.h>
| #ifdef HAVE_SYS_TYPES_H
| # include <sys/types.h>
| #endif
| #ifdef HAVE_SYS_STAT_H
| # include <sys/stat.h>
| #endif
| #ifdef STDC_HEADERS
| # include <stdlib.h>
| # include <stddef.h>
| #else
| # ifdef HAVE_STDLIB_H
| #  include <stdlib.h>
| # endif
| #endif
| #ifdef HAVE_STRING_H
| # if !defined STDC_HEADERS && defined HAVE_MEMORY_H
| #  include <memory.h>
| # endif
| # include <string.h>
| #endif
| #ifdef HAVE_STRINGS_H
| # include <strings.h>
| #endif
| #ifdef HAVE_INTTYPES_H
| # include <inttypes.h>
| #endif
| #ifdef HAVE_STDINT_H
| # include <stdint.h>
| #endif
| #ifdef HAVE_UNISTD_H
| # include <unistd.h>
| #endif
| #include <minix/config.h>
configure:3370: result: no
configure:3370: checking minix/config.h presence
configure:3370: gcc -E  conftest.c
conftest.c:19:10: fatal error: minix/config.h: No such file or directory
   19 | #include <minix/config.h>
      |          ^~~~~~~~~~~~~~~~
compilation terminated.
configure:3370: $? = 1
configure: failed program was:
| /* confdefs.h */
| #define PACKAGE_NAME ""
| #define PACKAGE_TARNAME ""
| #define PACKAGE_VERSION ""
| #define PACKAGE_STRING ""
| #define PACKAGE_BUGREPORT ""
| #define PACKAGE_URL ""
| #define STDC_HEADERS 1
| #define HAVE_SYS_TYPES_H 1
| #define HAVE_SYS_STAT_H 1
| #define HAVE_STDLIB_H 1
| #define HAVE_STRING_H 1
| #define HAVE_MEMORY_H 1
| #define HAVE_STRINGS_H 1
| #define HAVE_INTTYPES_H 1
| #define HAVE_STDINT_H 1
| #define HAVE_UNISTD_H 1
| /* end confdefs.h.  */
| #include <minix/config.h>
configure:3370: result: no
configure:3370: checking for minix/config.h
configure:3370: result: no
configure:3391: checking whether it is safe to define __EXTENSIONS__
configure:3409: gcc -c -g -O2  conftest.c >&5
configure:3409: $? = 0
configure:3416: result: yes
configure:3435: checking whether make sets $(MAKE)
configure:3457: result: yes
configure:3509: checking for a BSD-compatible install
configure:3577: result: /usr/bin/install -c
configure:3602: checking whether NLS is requested
configure:3611: result: no
configure:3649: checking for msgfmt
configure:3683: result: no
configure:3689: checking for gmsgfmt
configure:3720: result: :
configure:3760: checking for xgettext
configure:3794: result: no
configure:3831: checking for msgmerge
configure:3864: result: no
configure:3900: checking build system type
configure:3914: result: x86_64-pc-linux-gnu
configure:3934: checking host system type
configure:3947: result: x86_64-pc-linux-gnu
configure:3970: checking for x86_64-pc-linux-gnu-ranlib
configure:3997: result: ranlib
configure:4059: checking for library containing strerror
configure:4090: gcc -o conftest -g -O2    conftest.c  >&5
configure:4090: $? = 0
configure:4107: result: none required
configure:4115: checking for an ANSI C-conforming const
configure:4181: gcc -c -g -O2  conftest.c >&5
configure:4181: $? = 0
configure:4188: result: yes
configure:4196: checking for inline
configure:4212: gcc -c -g -O2  conftest.c >&5
configure:4212: $? = 0
configure:4220: result: inline
configure:4238: checking for off_t
configure:4238: gcc -c -g -O2  conftest.c >&5
configure:4238: $? = 0
configure:4238: gcc -c -g -O2  conftest.c >&5
conftest.c: In function 'main':
conftest.c:60:20: error: expected expression before ')' token
   60 | if (sizeof ((off_t)))
      |                    ^
configure:4238: $? = 1
configure: failed program was:
| /* confdefs.h */
| #define PACKAGE_NAME ""
| #define PACKAGE_TARNAME ""
| #define PACKAGE_VERSION ""
| #define PACKAGE_STRING ""
| #define PACKAGE_BUGREPORT ""
| #define PACKAGE_URL ""
| #define STDC_HEADERS 1
| #define HAVE_SYS_TYPES_H 1
| #define HAVE_SYS_STAT_H 1
| #define HAVE_STDLIB_H 1
| #define HAVE_STRING_H 1
| #define HAVE_MEMORY_H 1
| #define HAVE_STRINGS_H 1
| #define HAVE_INTTYPES_H 1
| #define HAVE_STDINT_H 1
| #define HAVE_UNISTD_H 1
| #define __EXTENSIONS__ 1
| #define _ALL_SOURCE 1
| #define _GNU_SOURCE 1
| #define _POSIX_PTHREAD_SEMANTICS 1
| #define _TANDEM_SOURCE 1
| /* end confdefs.h.  */
| #include <stdio.h>
| #ifdef HAVE_SYS_TYPES_H
| # include <sys/types.h>
| #endif
| #ifdef HAVE_SYS_STAT_H
| # include <sys/stat.h>
| #endif
| #ifdef STDC_HEADERS
| # include <stdlib.h>
| # include <stddef.h>
| #else
| # ifdef HAVE_STDLIB_H
| #  include <stdlib.h>
| # endif
| #endif
| #ifdef HAVE_STRING_H
| # if !defined STDC_HEADERS && defined HAVE_MEMORY_H
| #  include <memory.h>
| # endif
| # include <string.h>
| #endif
| #ifdef HAVE_STRINGS_H
| # include <strings.h>
| #endif
| #ifdef HAVE_INTTYPES_H
| # include <inttypes.h>
| #endif
| #ifdef HAVE_STDINT_H
| # include <stdint.h>
| #endif
| #ifdef HAVE_UNISTD_H
| # include <unistd.h>
| #endif
| int
| main ()
| {
| if (sizeof ((off_t)))
| 	    return 0;
|   ;
|   return 0;
| }
configure:4238: result: yes
configure:4249: checking for size_t
configure:4249: gcc -c -g -O2  conftest.c >&5
configure:4249: $? = 0
configure:4249: gcc -c -g -O2  conftest.c >&5
conftest.c: In function 'main':
conftest.c:60:21: error: expected expression before ')' token
   60 | if (sizeof ((size_t)))
      |                     ^
configure:4249: $? = 1
configure: failed program was:
| /* confdefs.h */
| #define PACKAGE_NAME ""
| #define PACKAGE_TARNAME ""
| #define PACKAGE_VERSION ""
| #define PACKAGE_STRING ""
| #define PACKAGE_BUGREPORT ""
| #define PACKAGE_URL ""
| #define STDC_HEADERS 1
| #define HAVE_SYS_TYPES_H 1
| #define HAVE_SYS_STAT_H 1
| #define HAVE_STDLIB_H 1
| #define HAVE_STRING_H 1
| #define HAVE_MEMORY_H 1
| #define HAVE_STRINGS_H 1
| #define HAVE_INTTYPES_H 1
| #define HAVE_STDINT_H 1
| #define HAVE_UNISTD_H 1
| #define __EXTENSIONS__ 1
| #define _ALL_SOURCE 1
| #define _GNU_SOURCE 1
| #define _POSIX_PTHREAD_SEMANTICS 1
| #define _TANDEM_SOURCE 1
| /* end confdefs.h.  */
| #include <stdio.h>
| #ifdef HAVE_SYS_TYPES_H
| # include <sys/types.h>
| #endif
| #ifdef HAVE_SYS_STAT_H
| # include <sys/stat.h>
| #endif
| #ifdef STDC_HEADERS
| # include <stdlib.h>
| # include <stddef.h>
| #else
| # ifdef HAVE_STDLIB_H
| #  include <stdlib.h>
| # endif
| #endif
| #ifdef HAVE_STRING_H
| # if !defined STDC_HEADERS && defined HAVE_MEMORY_H
| #  include <memory.h>
| # endif
| # include <string.h>
| #endif
| #ifdef HAVE_STRINGS_H
| # include <strings.h>
| #endif
| #ifdef HAVE_INTTYPES_H
| # include <inttypes.h>
| #endif
| #ifdef HAVE_STDINT_H
| # include <stdint.h>
| #endif
| #ifdef HAVE_UNISTD_H
| # include <unistd.h>
| #endif
| int
| main ()
| {
| if (sizeof ((size_t)))
| 	    return 0;
|   ;
|   return 0;
| }
configure:4249: result: yes
configure:4262: checking for working alloca.h
configure:4279: gcc -o conftest -g -O2    conftest.c  >&5
configure:4279: $? = 0
configure:4287: result: yes
configure:4295: checking for alloca
configure:4332: gcc -o conftest -g -O2    conftest.c  >&5
configure:4332: $? = 0
configure:4340: result: yes
configure:4452: checking for stdlib.h
configure:4452: result: yes
configure:4452: checking for unistd.h
configure:4452: result: yes
configure:4452: checking for sys/param.h
configure:4452: gcc -c -g -O2  conftest.c >&5
configure:4452: $? = 0
configure:4452: result: yes
configure:4472: checking for getpagesize
configure:4472: gcc -o conftest -g -O2    conftest.c  >&5
configure:4472: $? = 0
configure:4472: result: yes
configure:4481: checking for working mmap
configure:4628: gcc -o conftest -g -O2    conftest.c  >&5
configure:4628: $? = 0
configure:4628: ./conftest
configure:4628: $? = 0
configure:4638: result: yes
configure:4648: checking whether we are using the GNU C Library 2.1 or newer
configure:4675: result: yes
configure:4683: checking whether integer division by zero raises SIGFPE
configure:4740: gcc -o conftest -g -O2    conftest.c  >&5
conftest.c:49:5: warning: built-in function 'nan' declared as non-function [-Wbuiltin-declaration-mismatch]
   49 | int nan;
      |     ^~~
configure:4740: $? = 0
configure:4740: ./conftest
configure:4740: $? = 0
configure:4751: result: yes
configure:4764: checking for inttypes.h
configure:4781: gcc -c -g -O2  conftest.c >&5
configure:4781: $? = 0
configure:4788: result: yes
configure:4799: checking for stdint.h
configure:4816: gcc -c -g -O2  conftest.c >&5
configure:4816: $? = 0
configure:4823: result: yes
configure:4834: checking for unsigned long long
configure:4851: gcc -o conftest -g -O2    conftest.c  >&5
configure:4851: $? = 0
configure:4859: result: yes
configure:4887: checking for inttypes.h
configure:4905: gcc -c -g -O2  conftest.c >&5
configure:4905: $? = 0
configure:4913: result: yes
configure:4926: checking whether the inttypes.h PRIxNN macros are broken
configure:4947: gcc -c -g -O2  conftest.c >&5
configure:4947: $? = 0
configure:4955: result: no
configure:5006: checking for ld used by GCC
configure:5069: result: ld
configure:5076: checking if the linker (ld) is GNU ld
GNU ld (GNU Binutils for Ubuntu) 2.35.1
configure:5088: result: yes
configure:5094: checking for shared library run path origin
configure:5107: result: done
configure:5528: checking argz.h usability
configure:5528: gcc -c -g -O2  conftest.c >&5
configure:5528: $? = 0
configure:5528: result: yes
configure:5528: checking argz.h presence
configure:5528: gcc -E  conftest.c
configure:5528: $? = 0
configure:5528: result: yes
configure:5528: checking for argz.h
configure:5528: result: yes
configure:5528: checking limits.h usability
configure:5528: gcc -c -g -O2  conftest.c >&5
configure:5528: $? = 0
configure:5528: result: yes
configure:5528: checking limits.h presence
configure:5528: gcc -E  conftest.c
configure:5528: $? = 0
configure:5528: result: yes
configure:5528: checking for limits.h
configure:5528: result: yes
configure:5528: checking locale.h usability
configure:5528: gcc -c -g -O2  conftest.c >&5
configure:5528: $? = 0
configure:5528: result: yes
configure:5528: checking locale.h presence
configure:5528: gcc -E  conftest.c
configure:5528: $? = 0
configure:5528: result: yes
configure:5528: checking for locale.h
configure:5528: result: yes
configure:5528: checking nl_types.h usability
configure:5528: gcc -c -g -O2  conftest.c >&5
configure:5528: $? = 0
configure:5528: result: yes
configure:5528: checking nl_types.h presence
configure:5528: gcc -E  conftest.c
configure:5528: $? = 0
configure:5528: result: yes
configure:5528: checking for nl_types.h
configure:5528: result: yes
configure:5528: checking malloc.h usability
configure:5528: gcc -c -g -O2  conftest.c >&5
configure:5528: $? = 0
configure:5528: result: yes
configure:5528: checking malloc.h presence
configure:5528: gcc -E  conftest.c
configure:5528: $? = 0
configure:5528: result: yes
configure:5528: checking for malloc.h
configure:5528: result: yes
configure:5528: checking stddef.h usability
configure:5528: gcc -c -g -O2  conftest.c >&5
configure:5528: $? = 0
configure:5528: result: yes
configure:5528: checking stddef.h presence
configure:5528: gcc -E  conftest.c
configure:5528: $? = 0
configure:5528: result: yes
configure:5528: checking for stddef.h
configure:5528: result: yes
configure:5528: checking for stdlib.h
configure:5528: result: yes
configure:5528: checking for string.h
configure:5528: result: yes
configure:5528: checking for unistd.h
configure:5528: result: yes
configure:5528: checking for sys/param.h
configure:5528: result: yes
configure:5544: checking for feof_unlocked
configure:5544: gcc -o conftest -g -O2    conftest.c  >&5
configure:5544: $? = 0
configure:5544: result: yes
configure:5544: checking for fgets_unlocked
configure:5544: gcc -o conftest -g -O2    conftest.c  >&5
configure:5544: $? = 0
configure:5544: result: yes
configure:5544: checking for getc_unlocked
configure:5544: gcc -o conftest -g -O2    conftest.c  >&5
configure:5544: $? = 0
configure:5544: result: yes
configure:5544: checking for getcwd
configure:5544: gcc -o conftest -g -O2    conftest.c  >&5
configure:5544: $? = 0
configure:5544: result: yes
configure:5544: checking for getegid
configure:5544: gcc -o conftest -g -O2    conftest.c  >&5
configure:5544: $? = 0
configure:5544: result: yes
configure:5544: checking for geteuid
configure:5544: gcc -o conftest -g -O2    conftest.c  >&5
configure:5544: $? = 0
configure:5544: result: yes
configure:5544: checking for getgid
configure:5544: gcc -o conftest -g -O2    conftest.c  >&5
configure:5544: $? = 0
configure:5544: result: yes
configure:5544: checking for getuid
configure:5544: gcc -o conftest -g -O2    conftest.c  >&5
configure:5544: $? = 0
configure:5544: result: yes
configure:5544: checking for mempcpy
configure:5544: gcc -o conftest -g -O2    conftest.c  >&5
conftest.c:78:6: warning: conflicting types for built-in function 'mempcpy'; expected 'void *(void *, const void *, long unsigned int)' [-Wbuiltin-declaration-mismatch]
   78 | char mempcpy ();
      |      ^~~~~~~
configure:5544: $? = 0
configure:5544: result: yes
configure:5544: checking for munmap
configure:5544: gcc -o conftest -g -O2    conftest.c  >&5
configure:5544: $? = 0
configure:5544: result: yes
configure:5544: checking for putenv
configure:5544: gcc -o conftest -g -O2    conftest.c  >&5
configure:5544: $? = 0
configure:5544: result: yes
configure:5544: checking for setenv
configure:5544: gcc -o conftest -g -O2    conftest.c  >&5
configure:5544: $? = 0
configure:5544: result: yes
configure:5544: checking for setlocale
configure:5544: gcc -o conftest -g -O2    conftest.c  >&5
configure:5544: $? = 0
configure:5544: result: yes
configure:5544: checking for stpcpy
configure:5544: gcc -o conftest -g -O2    conftest.c  >&5
conftest.c:83:6: warning: conflicting types for built-in function 'stpcpy'; expected 'char *(char *, const char *)' [-Wbuiltin-declaration-mismatch]
   83 | char stpcpy ();
      |      ^~~~~~
configure:5544: $? = 0
configure:5544: result: yes
configure:5544: checking for strcasecmp
configure:5544: gcc -o conftest -g -O2    conftest.c  >&5
conftest.c:84:6: warning: conflicting types for built-in function 'strcasecmp'; expected 'int(const char *, const char *)' [-Wbuiltin-declaration-mismatch]
   84 | char strcasecmp ();
      |      ^~~~~~~~~~
configure:5544: $? = 0
configure:5544: result: yes
configure:5544: checking for strdup
configure:5544: gcc -o conftest -g -O2    conftest.c  >&5
conftest.c:85:6: warning: conflicting types for built-in function 'strdup'; expected 'char *(const char *)' [-Wbuiltin-declaration-mismatch]
   85 | char strdup ();
      |      ^~~~~~
configure:5544: $? = 0
configure:5544: result: yes
configure:5544: checking for strtoul
configure:5544: gcc -o conftest -g -O2    conftest.c  >&5
configure:5544: $? = 0
configure:5544: result: yes
configure:5544: checking for tsearch
configure:5544: gcc -o conftest -g -O2    conftest.c  >&5
configure:5544: $? = 0
configure:5544: result: yes
configure:5544: checking for __argz_count
configure:5544: gcc -o conftest -g -O2    conftest.c  >&5
configure:5544: $? = 0
configure:5544: result: yes
configure:5544: checking for __argz_stringify
configure:5544: gcc -o conftest -g -O2    conftest.c  >&5
configure:5544: $? = 0
configure:5544: result: yes
configure:5544: checking for __argz_next
configure:5544: gcc -o conftest -g -O2    conftest.c  >&5
configure:5544: $? = 0
configure:5544: result: yes
configure:5544: checking for __fsetlocking
configure:5544: gcc -o conftest -g -O2    conftest.c  >&5
configure:5544: $? = 0
configure:5544: result: yes
configure:5559: checking for iconv
configure:5583: gcc -o conftest -g -O2     conftest.c  >&5
configure:5583: $? = 0
configure:5657: result: yes
configure:5700: checking for iconv declaration
configure:5729: gcc -c -g -O2  conftest.c >&5
configure:5729: $? = 0
configure:5740: result: 
         extern size_t iconv (iconv_t cd, char * *inbuf, size_t *inbytesleft, char * *outbuf, size_t *outbytesleft);
configure:5751: checking for nl_langinfo and CODESET
configure:5767: gcc -o conftest -g -O2    conftest.c  >&5
configure:5767: $? = 0
configure:5776: result: yes
configure:5786: checking for LC_MESSAGES
configure:5802: gcc -o conftest -g -O2    conftest.c  >&5
configure:5802: $? = 0
configure:5810: result: yes
configure:5824: checking for bison
configure:5840: found /usr/bin/bison
configure:5851: result: bison
configure:5865: checking version of bison
configure:5874: result: 3.7, ok
configure:5896: checking whether NLS is requested
configure:5905: result: no
configure:6478: checking whether to use NLS
configure:6480: result: no
configure:6608: checking for aclocal
configure:6624: found /usr/bin/aclocal
configure:6635: result: aclocal
configure:6651: checking for autoconf
configure:6667: found /usr/bin/autoconf
configure:6678: result: autoconf
configure:6694: checking for autoheader
configure:6710: found /usr/bin/autoheader
configure:6721: result: autoheader
configure:6822: updating cache ./config.cache
configure:6871: creating ./config.status

## ---------------------- ##
## Running config.status. ##
## ---------------------- ##

This file was extended by config.status, which was
generated by GNU Autoconf 2.69.  Invocation command line was

  CONFIG_FILES    = 
  CONFIG_HEADERS  = 
  CONFIG_LINKS    = 
  CONFIG_COMMANDS = 
  $ ./config.status 

on dh00mk3tu

config.status:915: creating Makefile
config.status:915: creating config.intl
config.status:915: creating config.h
config.status:1089: executing default-1 commands

## ---------------- ##
## Cache variables. ##
## ---------------- ##

ac_cv_build=x86_64-pc-linux-gnu
ac_cv_c_compiler_gnu=yes
ac_cv_c_const=yes
ac_cv_c_inline=inline
ac_cv_env_CC_set=set
ac_cv_env_CC_value=gcc
ac_cv_env_CFLAGS_set=set
ac_cv_env_CFLAGS_value='-g -O2'
ac_cv_env_CPPFLAGS_set=
ac_cv_env_CPPFLAGS_value=
ac_cv_env_CPP_set=
ac_cv_env_CPP_value=
ac_cv_env_LDFLAGS_set=set
ac_cv_env_LDFLAGS_value=' '
ac_cv_env_LIBS_set=
ac_cv_env_LIBS_value=
ac_cv_env_build_alias_set=set
ac_cv_env_build_alias_value=x86_64-pc-linux-gnu
ac_cv_env_host_alias_set=set
ac_cv_env_host_alias_value=x86_64-pc-linux-gnu
ac_cv_env_target_alias_set=set
ac_cv_env_target_alias_value=i686-elf
ac_cv_func___argz_count=yes
ac_cv_func___argz_next=yes
ac_cv_func___argz_stringify=yes
ac_cv_func___fsetlocking=yes
ac_cv_func_alloca_works=yes
ac_cv_func_feof_unlocked=yes
ac_cv_func_fgets_unlocked=yes
ac_cv_func_getc_unlocked=yes
ac_cv_func_getcwd=yes
ac_cv_func_getegid=yes
ac_cv_func_geteuid=yes
ac_cv_func_getgid=yes
ac_cv_func_getpagesize=yes
ac_cv_func_getuid=yes
ac_cv_func_mempcpy=yes
ac_cv_func_mmap_fixed_mapped=yes
ac_cv_func_munmap=yes
ac_cv_func_putenv=yes
ac_cv_func_setenv=yes
ac_cv_func_setlocale=yes
ac_cv_func_stpcpy=yes
ac_cv_func_strcasecmp=yes
ac_cv_func_strdup=yes
ac_cv_func_strtoul=yes
ac_cv_func_tsearch=yes
ac_cv_gnu_library_2_1=yes
ac_cv_header_argz_h=yes
ac_cv_header_inttypes_h=yes
ac_cv_header_limits_h=yes
ac_cv_header_locale_h=yes
ac_cv_header_malloc_h=yes
ac_cv_header_memory_h=yes
ac_cv_header_minix_config_h=no
ac_cv_header_nl_types_h=yes
ac_cv_header_stdc=yes
ac_cv_header_stddef_h=yes
ac_cv_header_stdint_h=yes
ac_cv_header_stdlib_h=yes
ac_cv_header_string_h=yes
ac_cv_header_strings_h=yes
ac_cv_header_sys_param_h=yes
ac_cv_header_sys_stat_h=yes
ac_cv_header_sys_types_h=yes
ac_cv_header_unistd_h=yes
ac_cv_host=x86_64-pc-linux-gnu
ac_cv_objext=o
ac_cv_path_EGREP='/usr/bin/grep -E'
ac_cv_path_GMSGFMT=:
ac_cv_path_GREP=/usr/bin/grep
ac_cv_path_MSGFMT=:
ac_cv_path_MSGMERGE=:
ac_cv_path_XGETTEXT=:
ac_cv_prog_ACLOCAL=aclocal
ac_cv_prog_AUTOCONF=autoconf
ac_cv_prog_AUTOHEADER=autoheader
ac_cv_prog_CC=gcc
ac_cv_prog_CPP='gcc -E'
ac_cv_prog_INTLBISON=bison
ac_cv_prog_RANLIB=ranlib
ac_cv_prog_cc_c89=
ac_cv_prog_cc_g=yes
ac_cv_prog_make_make_set=yes
ac_cv_safe_to_define___extensions__=yes
ac_cv_search_strerror='none required'
ac_cv_type_off_t=yes
ac_cv_type_size_t=yes
ac_cv_type_unsigned_long_long=yes
ac_cv_working_alloca_h=yes
acl_cv_hardcode_direct=no
acl_cv_hardcode_libdir_flag_spec='${wl}-rpath ${wl}$libdir'
acl_cv_hardcode_libdir_separator=
acl_cv_hardcode_minus_L=no
acl_cv_libext=a
acl_cv_path_LD=ld
acl_cv_prog_gnu_ld=yes
acl_cv_rpath=done
acl_cv_shlibext=so
acl_cv_wl=-Wl,
am_cv_func_iconv=yes
am_cv_langinfo_codeset=yes
am_cv_lib_iconv=no
am_cv_proto_iconv='extern size_t iconv (iconv_t cd, char * *inbuf, size_t *inbytesleft, char * *outbuf, size_t *outbytesleft);'
am_cv_proto_iconv_arg1=
am_cv_val_LC_MESSAGES=yes
gt_cv_header_inttypes_h=yes
gt_cv_int_divbyzero_sigfpe=yes
gt_cv_inttypes_pri_broken=no
jm_ac_cv_header_inttypes_h=yes
jm_ac_cv_header_stdint_h=yes
nls_cv_header_intl=
nls_cv_header_libgt=

## ----------------- ##
## Output variables. ##
## ----------------- ##

ACLOCAL='aclocal'
ALLOCA=''
AUTOCONF='autoconf'
AUTOHEADER='autoheader'
BUILD_INCLUDED_LIBINTL='no'
CATOBJEXT=''
CC='gcc'
CFLAGS='-g -O2'
CPP='gcc -E'
CPPFLAGS=''
DATADIRNAME='share'
DEFS='-DHAVE_CONFIG_H'
ECHO_C=''
ECHO_N='-n'
ECHO_T=''
EGREP='/usr/bin/grep -E'
EXEEXT=''
GENCAT='gencat'
GLIBC21='yes'
GMSGFMT=':'
GREP='/usr/bin/grep'
INCINTL=''
INSTALL_DATA='/usr/bin/install -c -m 644'
INSTALL_PROGRAM='/usr/bin/install -c'
INSTALL_SCRIPT='/usr/bin/install -c'
INSTOBJEXT='.mo'
INTLBISON='bison'
INTLLIBS=''
INTLOBJS=''
INTL_LIBTOOL_SUFFIX_PREFIX=''
LDFLAGS=' '
LIBICONV=''
LIBINTL=''
LIBINTL_DEP=''
LIBOBJS=''
LIBS=''
LTLIBICONV=''
LTLIBINTL=''
LTLIBOBJS=''
MAINT='#'
MKINSTALLDIRS='$(top_builddir)/../../binutils-2.36/intl/../mkinstalldirs'
MSGFMT=':'
MSGMERGE=':'
OBJEXT='o'
PACKAGE_BUGREPORT=''
PACKAGE_NAME=''
PACKAGE_STRING=''
PACKAGE_TARNAME=''
PACKAGE_URL=''
PACKAGE_VERSION=''
PATH_SEPARATOR=':'
POSUB=''
RANLIB='ranlib'
SET_MAKE=''
SHELL='/bin/bash'
USE_INCLUDED_LIBINTL='no'
USE_NLS='no'
XGETTEXT=':'
ac_ct_CC=''
bindir='${exec_prefix}/bin'
build='x86_64-pc-linux-gnu'
build_alias='x86_64-pc-linux-gnu'
build_cpu='x86_64'
build_os='linux-gnu'
build_vendor='pc'
datadir='${datarootdir}'
datarootdir='${prefix}/share'
docdir='${datarootdir}/doc/${PACKAGE}'
dvidir='${docdir}'
exec_prefix='${prefix}'
host='x86_64-pc-linux-gnu'
host_alias='x86_64-pc-linux-gnu'
host_cpu='x86_64'
host_os='linux-gnu'
host_vendor='pc'
htmldir='${docdir}'
includedir='${prefix}/include'
infodir='${datarootdir}/info'
libdir='${exec_prefix}/lib'
libexecdir='${exec_prefix}/libexec'
localedir='${datarootdir}/locale'
localstatedir='${prefix}/var'
mandir='${datarootdir}/man'
oldincludedir='/usr/include'
pdfdir='${docdir}'
prefix='/home/dh00mk3tu/opt/cross'
program_transform_name='s&^&i686-elf-&'
psdir='${docdir}'
sbindir='${exec_prefix}/sbin'
sharedstatedir='${prefix}/com'
sysconfdir='${prefix}/etc'
target_alias='i686-elf'

## ----------- ##
## confdefs.h. ##
## ----------- ##

/* confdefs.h */
#define PACKAGE_NAME ""
#define PACKAGE_TARNAME ""
#define PACKAGE_VERSION ""
#define PACKAGE_STRING ""
#define PACKAGE_BUGREPORT ""
#define PACKAGE_URL ""
#define STDC_HEADERS 1
#define HAVE_SYS_TYPES_H 1
#define HAVE_SYS_STAT_H 1
#define HAVE_STDLIB_H 1
#define HAVE_STRING_H 1
#define HAVE_MEMORY_H 1
#define HAVE_STRINGS_H 1
#define HAVE_INTTYPES_H 1
#define HAVE_STDINT_H 1
#define HAVE_UNISTD_H 1
#define __EXTENSIONS__ 1
#define _ALL_SOURCE 1
#define _GNU_SOURCE 1
#define _POSIX_PTHREAD_SEMANTICS 1
#define _TANDEM_SOURCE 1
#define HAVE_ALLOCA_H 1
#define HAVE_ALLOCA 1
#define HAVE_STDLIB_H 1
#define HAVE_UNISTD_H 1
#define HAVE_SYS_PARAM_H 1
#define HAVE_GETPAGESIZE 1
#define HAVE_MMAP 1
#define INTDIV0_RAISES_SIGFPE 1
#define HAVE_INTTYPES_H_WITH_UINTMAX 1
#define HAVE_STDINT_H_WITH_UINTMAX 1
#define HAVE_UNSIGNED_LONG_LONG 1
#define HAVE_UINTMAX_T 1
#define HAVE_INTTYPES_H 1
#define HAVE_ARGZ_H 1
#define HAVE_LIMITS_H 1
#define HAVE_LOCALE_H 1
#define HAVE_NL_TYPES_H 1
#define HAVE_MALLOC_H 1
#define HAVE_STDDEF_H 1
#define HAVE_STDLIB_H 1
#define HAVE_STRING_H 1
#define HAVE_UNISTD_H 1
#define HAVE_SYS_PARAM_H 1
#define HAVE_FEOF_UNLOCKED 1
#define HAVE_FGETS_UNLOCKED 1
#define HAVE_GETC_UNLOCKED 1
#define HAVE_GETCWD 1
#define HAVE_GETEGID 1
#define HAVE_GETEUID 1
#define HAVE_GETGID 1
#define HAVE_GETUID 1
#define HAVE_MEMPCPY 1
#define HAVE_MUNMAP 1
#define HAVE_PUTENV 1
#define HAVE_SETENV 1
#define HAVE_SETLOCALE 1
#define HAVE_STPCPY 1
#define HAVE_STRCASECMP 1
#define HAVE_STRDUP 1
#define HAVE_STRTOUL 1
#define HAVE_TSEARCH 1
#define HAVE___ARGZ_COUNT 1
#define HAVE___ARGZ_STRINGIFY 1
#define HAVE___ARGZ_NEXT 1
#define HAVE___FSETLOCKING 1
#define HAVE_ICONV 1
#define ICONV_CONST 
#define HAVE_LANGINFO_CODESET 1
#define HAVE_LC_MESSAGES 1
#define IN_LIBINTL 1
#define IN_LIBRARY 1
#define DEPENDS_ON_LIBICONV 1
#define ENABLE_RELOCATABLE 1
#define NO_XMALLOC 1
#define set_relocation_prefix libintl_set_relocation_prefix
#define relocate libintl_relocate

configure: exit 0
